16:15:47.978 [print] hello
16:15:48.050 after Scenario: first 
16:15:48.067 javascript function call failed: java.io.FileNotFoundException: C:\Users\s\eclipse-workspace\Employee\target\test-classes\after-scenario.feature (The system cannot find the file specified)
16:15:48.068 failed function body: function(){
  var info = karate.info; 
  karate.log('after', info.scenarioType + ':', info.scenarioName);
  karate.call('after-scenario.feature', { caller: info.featureFileName });
}
16:15:48.068 afterScenario hook failed: javascript function call failed: java.io.FileNotFoundException: C:\Users\s\eclipse-workspace\Employee\target\test-classes\after-scenario.feature (The system cannot find the file specified)
