16:15:48.161 [print] hello1
16:15:48.164 after Scenario Outline:  
16:15:48.165 javascript function call failed: java.io.FileNotFoundException: C:\Users\s\eclipse-workspace\Employee\target\test-classes\after-scenario.feature (The system cannot find the file specified)
16:15:48.165 failed function body: function(){
  var info = karate.info; 
  karate.log('after', info.scenarioType + ':', info.scenarioName);
  karate.call('after-scenario.feature', { caller: info.featureFileName });
}
16:15:48.165 afterScenario hook failed: javascript function call failed: java.io.FileNotFoundException: C:\Users\s\eclipse-workspace\Employee\target\test-classes\after-scenario.feature (The system cannot find the file specified)
