16:15:48.124 [print] hello
16:15:48.126 after Scenario: second 
16:15:48.127 javascript function call failed: java.io.FileNotFoundException: C:\Users\s\eclipse-workspace\Employee\target\test-classes\after-scenario.feature (The system cannot find the file specified)
16:15:48.127 failed function body: function(){
  var info = karate.info; 
  karate.log('after', info.scenarioType + ':', info.scenarioName);
  karate.call('after-scenario.feature', { caller: info.featureFileName });
}
16:15:48.128 afterScenario hook failed: javascript function call failed: java.io.FileNotFoundException: C:\Users\s\eclipse-workspace\Employee\target\test-classes\after-scenario.feature (The system cannot find the file specified)
